<?xml version="1.0" encoding="UTF-8"?>
<testsuite xmlns:xsi="http://www.w3.org/2001/XMLSchema-instance" xsi:noNamespaceSchemaLocation="https://maven.apache.org/surefire/maven-surefire-plugin/xsd/surefire-test-report-3.0.xsd" version="3.0" name="TestSuite" time="0.306" tests="5" errors="0" skipped="0" failures="0">
  <properties>
    <property name="java.specification.version" value="14"/>
    <property name="sun.jnu.encoding" value="UTF-8"/>
    <property name="java.class.path" value="/Users/venkatasambaraju/IdeaProjects/MavenJava/target/test-classes:/Users/venkatasambaraju/IdeaProjects/MavenJava/target/classes:/Users/venkatasambaraju/.m2/repository/org/testng/testng/6.11/testng-6.11.jar:/Users/venkatasambaraju/.m2/repository/com/beust/jcommander/1.64/jcommander-1.64.jar:/Users/venkatasambaraju/.m2/repository/org/yaml/snakeyaml/1.17/snakeyaml-1.17.jar:/Users/venkatasambaraju/.m2/repository/junit/junit/4.11/junit-4.11.jar:/Users/venkatasambaraju/.m2/repository/org/hamcrest/hamcrest-core/1.3/hamcrest-core-1.3.jar:/Users/venkatasambaraju/.m2/repository/io/appium/java-client/7.3.0/java-client-7.3.0.jar:/Users/venkatasambaraju/.m2/repository/org/seleniumhq/selenium/selenium-support/3.141.59/selenium-support-3.141.59.jar:/Users/venkatasambaraju/.m2/repository/org/seleniumhq/selenium/selenium-api/3.141.59/selenium-api-3.141.59.jar:/Users/venkatasambaraju/.m2/repository/com/google/code/gson/gson/2.8.5/gson-2.8.5.jar:/Users/venkatasambaraju/.m2/repository/org/apache/httpcomponents/httpclient/4.5.9/httpclient-4.5.9.jar:/Users/venkatasambaraju/.m2/repository/org/apache/httpcomponents/httpcore/4.4.11/httpcore-4.4.11.jar:/Users/venkatasambaraju/.m2/repository/commons-logging/commons-logging/1.2/commons-logging-1.2.jar:/Users/venkatasambaraju/.m2/repository/commons-codec/commons-codec/1.11/commons-codec-1.11.jar:/Users/venkatasambaraju/.m2/repository/cglib/cglib/3.2.12/cglib-3.2.12.jar:/Users/venkatasambaraju/.m2/repository/org/ow2/asm/asm/7.1/asm-7.1.jar:/Users/venkatasambaraju/.m2/repository/commons-validator/commons-validator/1.6/commons-validator-1.6.jar:/Users/venkatasambaraju/.m2/repository/commons-beanutils/commons-beanutils/1.9.2/commons-beanutils-1.9.2.jar:/Users/venkatasambaraju/.m2/repository/commons-digester/commons-digester/1.8.1/commons-digester-1.8.1.jar:/Users/venkatasambaraju/.m2/repository/commons-collections/commons-collections/3.2.2/commons-collections-3.2.2.jar:/Users/venkatasambaraju/.m2/repository/org/apache/commons/commons-lang3/3.9/commons-lang3-3.9.jar:/Users/venkatasambaraju/.m2/repository/commons-io/commons-io/2.6/commons-io-2.6.jar:/Users/venkatasambaraju/.m2/repository/org/springframework/spring-context/5.1.8.RELEASE/spring-context-5.1.8.RELEASE.jar:/Users/venkatasambaraju/.m2/repository/org/springframework/spring-aop/5.1.8.RELEASE/spring-aop-5.1.8.RELEASE.jar:/Users/venkatasambaraju/.m2/repository/org/springframework/spring-beans/5.1.8.RELEASE/spring-beans-5.1.8.RELEASE.jar:/Users/venkatasambaraju/.m2/repository/org/springframework/spring-core/5.1.8.RELEASE/spring-core-5.1.8.RELEASE.jar:/Users/venkatasambaraju/.m2/repository/org/springframework/spring-jcl/5.1.8.RELEASE/spring-jcl-5.1.8.RELEASE.jar:/Users/venkatasambaraju/.m2/repository/org/springframework/spring-expression/5.1.8.RELEASE/spring-expression-5.1.8.RELEASE.jar:/Users/venkatasambaraju/.m2/repository/org/aspectj/aspectjweaver/1.9.4/aspectjweaver-1.9.4.jar:/Users/venkatasambaraju/.m2/repository/org/slf4j/slf4j-api/1.7.26/slf4j-api-1.7.26.jar:/Users/venkatasambaraju/.m2/repository/org/seleniumhq/selenium/selenium-java/3.141.59/selenium-java-3.141.59.jar:/Users/venkatasambaraju/.m2/repository/org/seleniumhq/selenium/selenium-chrome-driver/3.141.59/selenium-chrome-driver-3.141.59.jar:/Users/venkatasambaraju/.m2/repository/org/seleniumhq/selenium/selenium-edge-driver/3.141.59/selenium-edge-driver-3.141.59.jar:/Users/venkatasambaraju/.m2/repository/org/seleniumhq/selenium/selenium-firefox-driver/3.141.59/selenium-firefox-driver-3.141.59.jar:/Users/venkatasambaraju/.m2/repository/org/seleniumhq/selenium/selenium-ie-driver/3.141.59/selenium-ie-driver-3.141.59.jar:/Users/venkatasambaraju/.m2/repository/org/seleniumhq/selenium/selenium-opera-driver/3.141.59/selenium-opera-driver-3.141.59.jar:/Users/venkatasambaraju/.m2/repository/org/seleniumhq/selenium/selenium-remote-driver/3.141.59/selenium-remote-driver-3.141.59.jar:/Users/venkatasambaraju/.m2/repository/org/seleniumhq/selenium/selenium-safari-driver/3.141.59/selenium-safari-driver-3.141.59.jar:/Users/venkatasambaraju/.m2/repository/net/bytebuddy/byte-buddy/1.8.15/byte-buddy-1.8.15.jar:/Users/venkatasambaraju/.m2/repository/org/apache/commons/commons-exec/1.3/commons-exec-1.3.jar:/Users/venkatasambaraju/.m2/repository/com/google/guava/guava/25.0-jre/guava-25.0-jre.jar:/Users/venkatasambaraju/.m2/repository/com/google/code/findbugs/jsr305/1.3.9/jsr305-1.3.9.jar:/Users/venkatasambaraju/.m2/repository/org/checkerframework/checker-compat-qual/2.0.0/checker-compat-qual-2.0.0.jar:/Users/venkatasambaraju/.m2/repository/com/google/errorprone/error_prone_annotations/2.1.3/error_prone_annotations-2.1.3.jar:/Users/venkatasambaraju/.m2/repository/com/google/j2objc/j2objc-annotations/1.1/j2objc-annotations-1.1.jar:/Users/venkatasambaraju/.m2/repository/org/codehaus/mojo/animal-sniffer-annotations/1.14/animal-sniffer-annotations-1.14.jar:/Users/venkatasambaraju/.m2/repository/com/squareup/okhttp3/okhttp/3.11.0/okhttp-3.11.0.jar:/Users/venkatasambaraju/.m2/repository/com/squareup/okio/okio/1.14.0/okio-1.14.0.jar:"/>
    <property name="java.vm.vendor" value="Oracle Corporation"/>
    <property name="sun.arch.data.model" value="64"/>
    <property name="java.vendor.url" value="https://java.oracle.com/"/>
    <property name="user.timezone" value="America/Edmonton"/>
    <property name="os.name" value="Mac OS X"/>
    <property name="java.vm.specification.version" value="14"/>
    <property name="sun.java.launcher" value="SUN_STANDARD"/>
    <property name="user.country" value="CA"/>
    <property name="sun.boot.library.path" value="/Library/Java/JavaVirtualMachines/jdk-14.0.1.jdk/Contents/Home/lib"/>
    <property name="sun.java.command" value="/Users/venkatasambaraju/IdeaProjects/MavenJava/target/surefire/surefirebooter6738913505131130827.jar /Users/venkatasambaraju/IdeaProjects/MavenJava/target/surefire 2020-07-01T10-20-27_672-jvmRun1 surefire11510085884665410416tmp surefire_013375746449105649437tmp"/>
    <property name="http.nonProxyHosts" value="local|*.local|169.254/16|*.169.254/16"/>
    <property name="jdk.debug" value="release"/>
    <property name="surefire.test.class.path" value="/Users/venkatasambaraju/IdeaProjects/MavenJava/target/test-classes:/Users/venkatasambaraju/IdeaProjects/MavenJava/target/classes:/Users/venkatasambaraju/.m2/repository/org/testng/testng/6.11/testng-6.11.jar:/Users/venkatasambaraju/.m2/repository/com/beust/jcommander/1.64/jcommander-1.64.jar:/Users/venkatasambaraju/.m2/repository/org/yaml/snakeyaml/1.17/snakeyaml-1.17.jar:/Users/venkatasambaraju/.m2/repository/junit/junit/4.11/junit-4.11.jar:/Users/venkatasambaraju/.m2/repository/org/hamcrest/hamcrest-core/1.3/hamcrest-core-1.3.jar:/Users/venkatasambaraju/.m2/repository/io/appium/java-client/7.3.0/java-client-7.3.0.jar:/Users/venkatasambaraju/.m2/repository/org/seleniumhq/selenium/selenium-support/3.141.59/selenium-support-3.141.59.jar:/Users/venkatasambaraju/.m2/repository/org/seleniumhq/selenium/selenium-api/3.141.59/selenium-api-3.141.59.jar:/Users/venkatasambaraju/.m2/repository/com/google/code/gson/gson/2.8.5/gson-2.8.5.jar:/Users/venkatasambaraju/.m2/repository/org/apache/httpcomponents/httpclient/4.5.9/httpclient-4.5.9.jar:/Users/venkatasambaraju/.m2/repository/org/apache/httpcomponents/httpcore/4.4.11/httpcore-4.4.11.jar:/Users/venkatasambaraju/.m2/repository/commons-logging/commons-logging/1.2/commons-logging-1.2.jar:/Users/venkatasambaraju/.m2/repository/commons-codec/commons-codec/1.11/commons-codec-1.11.jar:/Users/venkatasambaraju/.m2/repository/cglib/cglib/3.2.12/cglib-3.2.12.jar:/Users/venkatasambaraju/.m2/repository/org/ow2/asm/asm/7.1/asm-7.1.jar:/Users/venkatasambaraju/.m2/repository/commons-validator/commons-validator/1.6/commons-validator-1.6.jar:/Users/venkatasambaraju/.m2/repository/commons-beanutils/commons-beanutils/1.9.2/commons-beanutils-1.9.2.jar:/Users/venkatasambaraju/.m2/repository/commons-digester/commons-digester/1.8.1/commons-digester-1.8.1.jar:/Users/venkatasambaraju/.m2/repository/commons-collections/commons-collections/3.2.2/commons-collections-3.2.2.jar:/Users/venkatasambaraju/.m2/repository/org/apache/commons/commons-lang3/3.9/commons-lang3-3.9.jar:/Users/venkatasambaraju/.m2/repository/commons-io/commons-io/2.6/commons-io-2.6.jar:/Users/venkatasambaraju/.m2/repository/org/springframework/spring-context/5.1.8.RELEASE/spring-context-5.1.8.RELEASE.jar:/Users/venkatasambaraju/.m2/repository/org/springframework/spring-aop/5.1.8.RELEASE/spring-aop-5.1.8.RELEASE.jar:/Users/venkatasambaraju/.m2/repository/org/springframework/spring-beans/5.1.8.RELEASE/spring-beans-5.1.8.RELEASE.jar:/Users/venkatasambaraju/.m2/repository/org/springframework/spring-core/5.1.8.RELEASE/spring-core-5.1.8.RELEASE.jar:/Users/venkatasambaraju/.m2/repository/org/springframework/spring-jcl/5.1.8.RELEASE/spring-jcl-5.1.8.RELEASE.jar:/Users/venkatasambaraju/.m2/repository/org/springframework/spring-expression/5.1.8.RELEASE/spring-expression-5.1.8.RELEASE.jar:/Users/venkatasambaraju/.m2/repository/org/aspectj/aspectjweaver/1.9.4/aspectjweaver-1.9.4.jar:/Users/venkatasambaraju/.m2/repository/org/slf4j/slf4j-api/1.7.26/slf4j-api-1.7.26.jar:/Users/venkatasambaraju/.m2/repository/org/seleniumhq/selenium/selenium-java/3.141.59/selenium-java-3.141.59.jar:/Users/venkatasambaraju/.m2/repository/org/seleniumhq/selenium/selenium-chrome-driver/3.141.59/selenium-chrome-driver-3.141.59.jar:/Users/venkatasambaraju/.m2/repository/org/seleniumhq/selenium/selenium-edge-driver/3.141.59/selenium-edge-driver-3.141.59.jar:/Users/venkatasambaraju/.m2/repository/org/seleniumhq/selenium/selenium-firefox-driver/3.141.59/selenium-firefox-driver-3.141.59.jar:/Users/venkatasambaraju/.m2/repository/org/seleniumhq/selenium/selenium-ie-driver/3.141.59/selenium-ie-driver-3.141.59.jar:/Users/venkatasambaraju/.m2/repository/org/seleniumhq/selenium/selenium-opera-driver/3.141.59/selenium-opera-driver-3.141.59.jar:/Users/venkatasambaraju/.m2/repository/org/seleniumhq/selenium/selenium-remote-driver/3.141.59/selenium-remote-driver-3.141.59.jar:/Users/venkatasambaraju/.m2/repository/org/seleniumhq/selenium/selenium-safari-driver/3.141.59/selenium-safari-driver-3.141.59.jar:/Users/venkatasambaraju/.m2/repository/net/bytebuddy/byte-buddy/1.8.15/byte-buddy-1.8.15.jar:/Users/venkatasambaraju/.m2/repository/org/apache/commons/commons-exec/1.3/commons-exec-1.3.jar:/Users/venkatasambaraju/.m2/repository/com/google/guava/guava/25.0-jre/guava-25.0-jre.jar:/Users/venkatasambaraju/.m2/repository/com/google/code/findbugs/jsr305/1.3.9/jsr305-1.3.9.jar:/Users/venkatasambaraju/.m2/repository/org/checkerframework/checker-compat-qual/2.0.0/checker-compat-qual-2.0.0.jar:/Users/venkatasambaraju/.m2/repository/com/google/errorprone/error_prone_annotations/2.1.3/error_prone_annotations-2.1.3.jar:/Users/venkatasambaraju/.m2/repository/com/google/j2objc/j2objc-annotations/1.1/j2objc-annotations-1.1.jar:/Users/venkatasambaraju/.m2/repository/org/codehaus/mojo/animal-sniffer-annotations/1.14/animal-sniffer-annotations-1.14.jar:/Users/venkatasambaraju/.m2/repository/com/squareup/okhttp3/okhttp/3.11.0/okhttp-3.11.0.jar:/Users/venkatasambaraju/.m2/repository/com/squareup/okio/okio/1.14.0/okio-1.14.0.jar:"/>
    <property name="sun.cpu.endian" value="little"/>
    <property name="user.home" value="/Users/venkatasambaraju"/>
    <property name="user.language" value="en"/>
    <property name="java.specification.vendor" value="Oracle Corporation"/>
    <property name="java.version.date" value="2020-04-14"/>
    <property name="java.home" value="/Library/Java/JavaVirtualMachines/jdk-14.0.1.jdk/Contents/Home"/>
    <property name="file.separator" value="/"/>
    <property name="basedir" value="/Users/venkatasambaraju/IdeaProjects/MavenJava"/>
    <property name="java.vm.compressedOopsMode" value="Zero based"/>
    <property name="line.separator" value="&#10;"/>
    <property name="java.specification.name" value="Java Platform API Specification"/>
    <property name="java.vm.specification.vendor" value="Oracle Corporation"/>
    <property name="surefire.real.class.path" value="/Users/venkatasambaraju/IdeaProjects/MavenJava/target/surefire/surefirebooter6738913505131130827.jar"/>
    <property name="sun.management.compiler" value="HotSpot 64-Bit Tiered Compilers"/>
    <property name="ftp.nonProxyHosts" value="local|*.local|169.254/16|*.169.254/16"/>
    <property name="java.runtime.version" value="14.0.1+7"/>
    <property name="user.name" value="venkatasambaraju"/>
    <property name="path.separator" value=":"/>
    <property name="os.version" value="10.15.5"/>
    <property name="java.runtime.name" value="Java(TM) SE Runtime Environment"/>
    <property name="file.encoding" value="UTF-8"/>
    <property name="java.vm.name" value="Java HotSpot(TM) 64-Bit Server VM"/>
    <property name="localRepository" value="/Users/venkatasambaraju/.m2/repository"/>
    <property name="java.vendor.url.bug" value="https://bugreport.java.com/bugreport/"/>
    <property name="java.io.tmpdir" value="/var/folders/ny/7vcchyzn3mxgwqm7yjz_rsww0000gn/T/"/>
    <property name="java.version" value="14.0.1"/>
    <property name="user.dir" value="/Users/venkatasambaraju/IdeaProjects/MavenJava"/>
    <property name="os.arch" value="x86_64"/>
    <property name="java.vm.specification.name" value="Java Virtual Machine Specification"/>
    <property name="java.library.path" value="/Users/venkatasambaraju/Library/Java/Extensions:/Library/Java/Extensions:/Network/Library/Java/Extensions:/System/Library/Java/Extensions:/usr/lib/java:."/>
    <property name="java.vm.info" value="mixed mode, sharing"/>
    <property name="java.vendor" value="Oracle Corporation"/>
    <property name="java.vm.version" value="14.0.1+7"/>
    <property name="sun.io.unicode.encoding" value="UnicodeBig"/>
    <property name="socksNonProxyHosts" value="local|*.local|169.254/16|*.169.254/16"/>
    <property name="java.class.version" value="58.0"/>
  </properties>
  <testcase name="Appiumandroid" classname="qaclick.AppiumTest" time="0.003">
    <system-out><![CDATA[Appiumandroid
]]></system-out>
  </testcase>
  <testcase name="Appiumios" classname="qaclick.AppiumTest" time="0">
    <system-out><![CDATA[Appiumios
]]></system-out>
  </testcase>
  <testcase name="Apiandroid" classname="qaclick.RestAPITest" time="0">
    <system-out><![CDATA[Apiandroid
]]></system-out>
  </testcase>
  <testcase name="Apiiios" classname="qaclick.RestAPITest" time="0">
    <system-out><![CDATA[Apiiios
]]></system-out>
  </testcase>
  <testcase name="Apiios" classname="qaclick.RestAPITest" time="0">
    <system-out><![CDATA[Apiios
]]></system-out>
  </testcase>
</testsuite>