<?xml version="1.0" encoding="UTF-8"?>
<!-- Generated by org.testng.reporters.JUnitReportReporter -->
<testsuite hostname="Galaxy-A8-2018.hitronhub.home" failures="0" tests="3" name="qaclick.RestAPITest" time="0.000" errors="0" timestamp="01 Jul. 2020 16:20:28 GMT" skipped="0">
  <testcase classname="qaclick.RestAPITest" name="Apiios" time="0.000"/>
  <testcase classname="qaclick.RestAPITest" name="Apiiios" time="0.000"/>
  <testcase classname="qaclick.RestAPITest" name="Apiandroid" time="0.000"/>
</testsuite> <!-- qaclick.RestAPITest -->
