<?xml version="1.0" encoding="UTF-8"?>
<!-- Generated by org.testng.reporters.JUnitReportReporter -->
<testsuite hostname="Galaxy-A8-2018.hitronhub.home" failures="0" tests="2" name="qaclick.SeleniumTest" time="0.000" errors="0" timestamp="01 Jul. 2020 16:19:30 GMT" skipped="0">
  <testcase classname="qaclick.SeleniumTest" name="Seleniumandroid" time="0.000"/>
  <testcase classname="qaclick.SeleniumTest" name="Seleniumios" time="0.000"/>
</testsuite> <!-- qaclick.SeleniumTest -->
