<?xml version="1.0" encoding="UTF-8"?>
<!-- Generated by org.testng.reporters.JUnitReportReporter -->
<testsuite hostname="Galaxy-A8-2018.hitronhub.home" failures="0" tests="2" name="qaclick.AppiumTest" time="0.004" errors="0" timestamp="01 Jul. 2020 16:20:28 GMT" skipped="0">
  <testcase classname="qaclick.AppiumTest" name="Appiumandroid" time="0.004"/>
  <testcase classname="qaclick.AppiumTest" name="Appiumios" time="0.000"/>
</testsuite> <!-- qaclick.AppiumTest -->
